<?xml version="1.0" encoding="UTF-8"?>
<testng-results skipped="0" failed="0" ignored="0" total="1" passed="1">
  <reporter-output>
  </reporter-output>
  <suite name="Default suite" duration-ms="49361" started-at="2022-07-06T19:03:30 IST" finished-at="2022-07-06T19:04:19 IST">
    <groups>
    </groups>
    <test name="Default test" duration-ms="49361" started-at="2022-07-06T19:03:30 IST" finished-at="2022-07-06T19:04:19 IST">
      <class name="Academy.HomePage">
        <test-method status="PASS" signature="basePageNav()[pri:0, instance:Academy.HomePage@5bfbf16f]" name="basePageNav" duration-ms="49327" started-at="2022-07-06T19:03:30 IST" finished-at="2022-07-06T19:04:19 IST">
          <reporter-output>
          </reporter-output>
        </test-method> <!-- basePageNav -->
      </class> <!-- Academy.HomePage -->
    </test> <!-- Default test -->
  </suite> <!-- Default suite -->
</testng-results>
